[INFO ] 2021-01-28 08:51:43.449 [main] BaseTestClass - Invoked browser successfullychrome
[INFO ] 2021-01-28 08:51:58.785 [main] PageBaseClass - Opened the application successfully
[INFO ] 2021-01-28 08:52:22.293 [main] LandingPage - Successfully verified the pageTitle of Landing page Only pay for what you need
[INFO ] 2021-01-28 08:52:39.481 [main] LandingPage - Clicked the property Button successfully
[INFO ] 2021-01-28 08:52:42.936 [main] LandingPage - Clicked the Condo Button successfully
[INFO ] 2021-01-28 08:52:43.682 [main] LandingPage - Entered zipCode successfully
[INFO ] 2021-01-28 08:52:44.204 [main] LandingPage - Clicked the getMyPrice
[INFO ] 2021-01-28 08:52:51.260 [main] YourInfoPage - Successfully verified the pageTitle of YourInfo page Address You Want To Insure
[INFO ] 2021-01-28 08:53:33.880 [main] YourInfoPage - Entered the street Address successfully 132 Kingston Plaza, Kingston, NY, 12401
[INFO ] 2021-01-28 08:53:34.071 [main] YourInfoPage - Entered the AptUnit successfully 132
[INFO ] 2021-01-28 08:53:34.374 [main] YourInfoPage - Entered the Currently Live here checkBox checked Succesfully
[INFO ] 2021-01-28 08:53:35.698 [main] YourInfoPage - Next Button clicked successfully and proceeded
[INFO ] 2021-01-28 12:45:20.589 [main] BaseTestClass - Invoked browser successfullychrome
[INFO ] 2021-01-28 12:45:51.875 [main] PageBaseClass - Opened the application successfully
[INFO ] 2021-01-28 12:46:22.029 [main] LandingPage - Successfully verified the pageTitle of Landing page Only pay for what you need
[INFO ] 2021-01-28 12:46:24.643 [main] LandingPage - Clicked the property Button successfully
[INFO ] 2021-01-28 12:46:28.178 [main] LandingPage - Clicked the Condo Button successfully
[INFO ] 2021-01-28 12:46:29.099 [main] LandingPage - Entered zipCode successfully
[INFO ] 2021-01-28 12:46:29.708 [main] LandingPage - Clicked the getMyPrice
[INFO ] 2021-01-28 12:46:34.771 [main] YourInfoPage - Successfully verified the pageTitle of YourInfo page Address You Want To Insure
[INFO ] 2021-01-28 12:46:51.296 [main] YourInfoPage - Entered the street Address successfully 132 Kingston Plaza, Kingston, NY, 12401
[INFO ] 2021-01-28 12:46:51.471 [main] YourInfoPage - Entered the AptUnit successfully 132
[INFO ] 2021-01-28 12:46:51.811 [main] YourInfoPage - Entered the Currently Live here checkBox checked Succesfully
[INFO ] 2021-01-28 12:46:52.581 [main] YourInfoPage - Next Button clicked successfully and proceeded
[INFO ] 2021-01-28 12:46:52.743 [main] PersonaLInfoPage - Successfully verified the pageTitle of YourInfo page Your Info
[INFO ] 2021-01-28 12:46:58.228 [main] PersonaLInfoPage - Entered the LastName successfully John
[INFO ] 2021-01-28 12:46:58.784 [main] PersonaLInfoPage - Entered the street LastName successfully Smith
[INFO ] 2021-01-28 12:46:58.784 [main] PersonaLInfoPage - Month of Date of Birth entered successfully April
[INFO ] 2021-01-28 12:47:00.703 [main] PersonaLInfoPage - Date of Date of Birth entered successfully 12
[INFO ] 2021-01-28 12:47:00.886 [main] PersonaLInfoPage - Year of Date of Birth entered successfully1999
[INFO ] 2021-01-28 12:47:02.567 [main] PersonaLInfoPage - Phone entered successfully+14842634683
[INFO ] 2021-01-28 12:47:03.945 [main] PersonaLInfoPage - The string successfully entered in Email johnsmith@gmail.com
[INFO ] 2021-01-28 12:47:05.381 [main] PersonaLInfoPage - Next Button clicked successfully and proceeded
[INFO ] 2021-01-28 12:47:05.569 [main] CurrentInsurancePage - Successfully verified the pageTitle of YourInfo page Current Insurance
[INFO ] 2021-01-28 12:47:05.604 [main] CurrentInsurancePage - Month of Date of Birth entered successfully No
[INFO ] 2021-01-28 12:47:06.099 [main] CurrentInsurancePage - policyCancellation clicked successfully
[INFO ] 2021-01-28 12:47:06.517 [main] CurrentInsurancePage - autoPolicy clicked successfully
[INFO ] 2021-01-28 12:47:07.523 [main] CurrentInsurancePage - claimLoss clicked successfully
[INFO ] 2021-01-28 12:47:09.076 [main] CurrentInsurancePage - Next Button clicked successfully and proceeded
[INFO ] 2021-01-28 12:47:09.107 [main] PropertyInfoPage - Successfully verified the pageTitle of YourInfo page Property Info
[INFO ] 2021-01-28 12:47:09.692 [main] PropertyInfoPage - yearBuilt entered successfully 2005
[INFO ] 2021-01-28 12:47:10.669 [main] PropertyInfoPage - units of Building selected successfully 2
[INFO ] 2021-01-28 12:47:11.768 [main] PropertyInfoPage - Home Occupany selected successfully Seasonal Home
[INFO ] 2021-01-28 12:52:10.991 [main] BaseTestClass - Invoked browser successfullychrome
[INFO ] 2021-01-28 12:52:19.995 [main] PageBaseClass - Opened the application successfully
[INFO ] 2021-01-28 12:52:34.826 [main] LandingPage - Successfully verified the pageTitle of Landing page Only pay for what you need
[INFO ] 2021-01-28 12:52:35.447 [main] LandingPage - Clicked the property Button successfully
[INFO ] 2021-01-28 12:52:38.625 [main] LandingPage - Clicked the Condo Button successfully
[INFO ] 2021-01-28 12:52:38.820 [main] LandingPage - Entered zipCode successfully
[INFO ] 2021-01-28 12:52:39.099 [main] LandingPage - Clicked the getMyPrice
[INFO ] 2021-01-28 12:52:44.101 [main] YourInfoPage - Successfully verified the pageTitle of YourInfo page Address You Want To Insure
[INFO ] 2021-01-28 12:52:53.400 [main] YourInfoPage - Entered the street Address successfully 132 Kingston Plaza, Kingston, NY, 12401
[INFO ] 2021-01-28 12:52:55.745 [main] YourInfoPage - Entered the AptUnit successfully 132
[INFO ] 2021-01-28 12:52:55.969 [main] YourInfoPage - Entered the Currently Live here checkBox checked Succesfully
[INFO ] 2021-01-28 12:52:56.136 [main] YourInfoPage - Next Button clicked successfully and proceeded
[INFO ] 2021-01-28 12:52:56.845 [main] PersonaLInfoPage - Successfully verified the pageTitle of YourInfo page Your Info
[INFO ] 2021-01-28 12:53:01.581 [main] PersonaLInfoPage - Entered the LastName successfully John
[INFO ] 2021-01-28 12:53:01.907 [main] PersonaLInfoPage - Entered the street LastName successfully Smith
[INFO ] 2021-01-28 12:53:01.908 [main] PersonaLInfoPage - Month of Date of Birth entered successfully April
[INFO ] 2021-01-28 12:53:04.446 [main] PersonaLInfoPage - Date of Date of Birth entered successfully 12
[INFO ] 2021-01-28 12:53:04.807 [main] PersonaLInfoPage - Year of Date of Birth entered successfully1999
[INFO ] 2021-01-28 12:53:06.352 [main] PersonaLInfoPage - Phone entered successfully+14842634683
[INFO ] 2021-01-28 12:53:07.635 [main] PersonaLInfoPage - The string successfully entered in Email johnsmith@gmail.com
[INFO ] 2021-01-28 12:53:08.462 [main] PersonaLInfoPage - Next Button clicked successfully and proceeded
[INFO ] 2021-01-28 12:53:08.724 [main] CurrentInsurancePage - Successfully verified the pageTitle of YourInfo page Current Insurance
[INFO ] 2021-01-28 12:53:08.776 [main] CurrentInsurancePage - Month of Date of Birth entered successfully No
[INFO ] 2021-01-28 12:53:09.405 [main] CurrentInsurancePage - policyCancellation clicked successfully
[INFO ] 2021-01-28 12:53:09.621 [main] CurrentInsurancePage - autoPolicy clicked successfully
[INFO ] 2021-01-28 12:53:09.794 [main] CurrentInsurancePage - claimLoss clicked successfully
[INFO ] 2021-01-28 12:53:12.300 [main] CurrentInsurancePage - Next Button clicked successfully and proceeded
[INFO ] 2021-01-28 12:53:12.697 [main] PropertyInfoPage - Successfully verified the pageTitle of YourInfo page Property Info
[INFO ] 2021-01-28 12:53:13.337 [main] PropertyInfoPage - yearBuilt entered successfully 2005
[INFO ] 2021-01-28 12:53:13.603 [main] PropertyInfoPage - units of Building selected successfully 2
[INFO ] 2021-01-28 12:53:13.906 [main] PropertyInfoPage - Home Occupany selected successfully Seasonal Home
[INFO ] 2021-01-28 12:53:14.366 [main] PropertyInfoPage - The Home sharing Indicator clicked successfully
[INFO ] 2021-01-28 12:53:15.121 [main] PropertyInfoPage - The Replacement cost clicked successfully
[INFO ] 2021-01-28 12:53:16.065 [main] PropertyInfoPage - The Replacement cost clicked successfully
[INFO ] 2021-01-28 12:53:16.287 [main] PropertyInfoPage - milesToFireStation selected successfully 0 to 3 miles
[INFO ] 2021-01-28 12:53:16.495 [main] PropertyInfoPage - The feetToFire clicked successfully
[INFO ] 2021-01-28 12:53:17.930 [main] PropertyInfoPage - outsideWall selected successfully Brick (Veneer)
[INFO ] 2021-01-28 12:53:19.080 [main] PropertyInfoPage - Next Button clicked successfully and proceeded
[INFO ] 2021-01-28 12:53:19.153 [main] SavingsPage - Successfully verified the pageTitle of YourInfo page Savings & More
[INFO ] 2021-01-28 12:53:19.473 [main] SavingsPage - The highestEducation selected successfully Bachelors
[INFO ] 2021-01-28 12:53:19.843 [main] SavingsPage - The employmentStatus selected successfully Employed
[INFO ] 2021-01-28 12:53:22.751 [main] SavingsPage - Next Button clicked successfully and proceeded
[INFO ] 2021-01-28 12:53:49.980 [main] GetCondoQuote - The quote printed successfully on console & Excel
[INFO ] 2021-01-28 12:53:50.334 [main] GetCondoQuote - The quote successfully asserted
[INFO ] 2021-01-28 13:40:41.020 [main] BaseTestClass - Invoked browser successfullychrome
[INFO ] 2021-01-28 13:40:54.980 [main] PageBaseClass - Opened the application successfully
[INFO ] 2021-01-28 13:41:11.364 [main] LandingPage - Successfully verified the pageTitle of Landing page Only pay for what you need
[INFO ] 2021-01-28 13:41:12.355 [main] LandingPage - Clicked the property Button successfully
[INFO ] 2021-01-28 13:41:15.588 [main] LandingPage - Clicked the Condo Button successfully
[INFO ] 2021-01-28 13:41:16.176 [main] LandingPage - Entered zipCode successfully
[INFO ] 2021-01-28 13:41:16.563 [main] LandingPage - Clicked the getMyPrice
[INFO ] 2021-01-28 13:41:21.567 [main] YourInfoPage - Successfully verified the pageTitle of YourInfo page null
[INFO ] 2021-01-28 13:44:37.515 [main] BaseTestClass - Invoked browser successfullychrome
[INFO ] 2021-01-28 13:44:47.631 [main] PageBaseClass - Opened the application successfully
[INFO ] 2021-01-28 13:45:02.101 [main] LandingPage - Successfully verified the pageTitle of Landing page Only pay for what you need
[INFO ] 2021-01-28 13:45:03.660 [main] LandingPage - Clicked the property Button successfully
[INFO ] 2021-01-28 13:45:07.322 [main] LandingPage - Clicked the Condo Button successfully
[INFO ] 2021-01-28 13:45:08.160 [main] LandingPage - Entered zipCode successfully
[INFO ] 2021-01-28 13:45:08.804 [main] LandingPage - Clicked the getMyPrice
[INFO ] 2021-01-28 13:45:13.809 [main] YourInfoPage - Successfully verified the pageTitle of YourInfo page null
[INFO ] 2021-01-28 13:48:05.095 [main] BaseTestClass - Invoked browser successfullychrome
[INFO ] 2021-01-28 13:48:13.893 [main] PageBaseClass - Opened the application successfully
[INFO ] 2021-01-28 13:48:32.378 [main] LandingPage - Successfully verified the pageTitle of Landing page Only pay for what you need
[INFO ] 2021-01-28 13:48:33.446 [main] LandingPage - Clicked the property Button successfully
[INFO ] 2021-01-28 13:48:36.991 [main] LandingPage - Clicked the Condo Button successfully
[INFO ] 2021-01-28 13:48:37.798 [main] LandingPage - Entered zipCode successfully
[INFO ] 2021-01-28 13:48:38.466 [main] LandingPage - Clicked the getMyPrice
[INFO ] 2021-01-28 13:48:43.472 [main] YourInfoPage - Successfully verified the pageTitle of YourInfo page Address You Want To Insure
[INFO ] 2021-01-28 13:48:54.454 [main] YourInfoPage - Entered the street Address successfully 132 Kingston Plaza, Kingston, NY, 12401
[INFO ] 2021-01-28 13:49:01.840 [main] YourInfoPage - Entered the AptUnit successfully 132.0
[INFO ] 2021-01-28 13:49:02.674 [main] YourInfoPage - Entered the Currently Live here checkBox checked Succesfully
[INFO ] 2021-01-28 13:49:04.679 [main] YourInfoPage - Next Button clicked successfully and proceeded
[INFO ] 2021-01-28 13:49:04.687 [main] PersonaLInfoPage - Successfully verified the pageTitle of YourInfo page Your Info
[INFO ] 2021-01-28 13:49:07.355 [main] PersonaLInfoPage - Entered the LastName successfully John
[INFO ] 2021-01-28 13:49:07.864 [main] PersonaLInfoPage - Entered the street LastName successfully Smith
[INFO ] 2021-01-28 13:49:07.864 [main] PersonaLInfoPage - Month of Date of Birth entered successfully April
[INFO ] 2021-01-28 13:49:08.925 [main] PersonaLInfoPage - Date of Date of Birth entered successfully 12.0
[INFO ] 2021-01-28 13:49:09.036 [main] PersonaLInfoPage - Year of Date of Birth entered successfully1999.0
[INFO ] 2021-01-28 13:49:09.243 [main] PersonaLInfoPage - Phone entered successfully1.4842634683E10
[INFO ] 2021-01-28 13:49:11.081 [main] PersonaLInfoPage - The string successfully entered in Email johnsmith@gmail.com
[INFO ] 2021-01-28 13:49:12.220 [main] PersonaLInfoPage - Next Button clicked successfully and proceeded
[INFO ] 2021-01-28 13:49:12.224 [main] CurrentInsurancePage - Successfully verified the pageTitle of YourInfo page Current Insurance
[INFO ] 2021-01-28 13:49:12.643 [main] CurrentInsurancePage - Month of Date of Birth entered successfully No
[INFO ] 2021-01-28 13:49:13.884 [main] CurrentInsurancePage - policyCancellation clicked successfully
[INFO ] 2021-01-28 13:49:14.230 [main] CurrentInsurancePage - autoPolicy clicked successfully
[INFO ] 2021-01-28 13:49:15.422 [main] CurrentInsurancePage - claimLoss clicked successfully
[INFO ] 2021-01-28 13:49:18.024 [main] CurrentInsurancePage - Next Button clicked successfully and proceeded
[INFO ] 2021-01-28 13:49:18.027 [main] PropertyInfoPage - Successfully verified the pageTitle of YourInfo page Property Info
[INFO ] 2021-01-28 13:49:18.143 [main] PropertyInfoPage - yearBuilt entered successfully 2005.0
[INFO ] 2021-01-28 13:49:19.003 [main] PropertyInfoPage - units of Building selected successfully 2.0
[INFO ] 2021-01-28 13:51:32.250 [main] BaseTestClass - Invoked browser successfullychrome
[INFO ] 2021-01-28 13:51:39.883 [main] PageBaseClass - Opened the application successfully
[INFO ] 2021-01-28 13:51:50.180 [main] LandingPage - Successfully verified the pageTitle of Landing page Only pay for what you need
[INFO ] 2021-01-28 13:51:50.591 [main] LandingPage - Clicked the property Button successfully
[INFO ] 2021-01-28 13:51:53.833 [main] LandingPage - Clicked the Condo Button successfully
[INFO ] 2021-01-28 13:51:54.104 [main] LandingPage - Entered zipCode successfully
[INFO ] 2021-01-28 13:51:54.287 [main] LandingPage - Clicked the getMyPrice
[INFO ] 2021-01-28 13:51:59.289 [main] YourInfoPage - Successfully verified the pageTitle of YourInfo page Address You Want To Insure
[INFO ] 2021-01-28 13:52:13.645 [main] YourInfoPage - Entered the street Address successfully 132 Kingston Plaza, Kingston, NY, 12401
[INFO ] 2021-01-28 13:52:13.899 [main] YourInfoPage - Entered the AptUnit successfully 132.0
[INFO ] 2021-01-28 13:52:14.171 [main] YourInfoPage - Entered the Currently Live here checkBox checked Succesfully
[INFO ] 2021-01-28 13:52:15.489 [main] YourInfoPage - Next Button clicked successfully and proceeded
[INFO ] 2021-01-28 13:52:15.493 [main] PersonaLInfoPage - Successfully verified the pageTitle of YourInfo page Your Info
[INFO ] 2021-01-28 13:52:18.705 [main] PersonaLInfoPage - Entered the LastName successfully John
[INFO ] 2021-01-28 13:52:19.814 [main] PersonaLInfoPage - Entered the street LastName successfully Smith
[INFO ] 2021-01-28 13:52:19.815 [main] PersonaLInfoPage - Month of Date of Birth entered successfully April
[INFO ] 2021-01-28 13:52:20.597 [main] PersonaLInfoPage - Date of Date of Birth entered successfully 12.0
[INFO ] 2021-01-28 13:52:20.689 [main] PersonaLInfoPage - Year of Date of Birth entered successfully1999.0
[INFO ] 2021-01-28 13:52:20.865 [main] PersonaLInfoPage - Phone entered successfully1.4842634683E10
[INFO ] 2021-01-28 13:52:21.960 [main] PersonaLInfoPage - The string successfully entered in Email johnsmith@gmail.com
[INFO ] 2021-01-28 13:52:22.756 [main] PersonaLInfoPage - Next Button clicked successfully and proceeded
[INFO ] 2021-01-28 13:52:22.758 [main] CurrentInsurancePage - Successfully verified the pageTitle of YourInfo page Current Insurance
[INFO ] 2021-01-28 13:52:23.655 [main] CurrentInsurancePage - Month of Date of Birth entered successfully No
[INFO ] 2021-01-28 13:52:23.972 [main] CurrentInsurancePage - policyCancellation clicked successfully
[INFO ] 2021-01-28 13:52:24.128 [main] CurrentInsurancePage - autoPolicy clicked successfully
[INFO ] 2021-01-28 13:52:24.276 [main] CurrentInsurancePage - claimLoss clicked successfully
[INFO ] 2021-01-28 13:52:26.343 [main] CurrentInsurancePage - Next Button clicked successfully and proceeded
[INFO ] 2021-01-28 13:52:26.348 [main] PropertyInfoPage - Successfully verified the pageTitle of YourInfo page Property Info
[INFO ] 2021-01-28 13:52:27.466 [main] PropertyInfoPage - yearBuilt entered successfully 2005.0
[INFO ] 2021-01-28 13:52:27.578 [main] PropertyInfoPage - units of Building selected successfully 2
[INFO ] 2021-01-28 13:52:28.009 [main] PropertyInfoPage - Home Occupany selected successfully Seasonal Home
[INFO ] 2021-01-28 13:52:28.240 [main] PropertyInfoPage - The Home sharing Indicator clicked successfully
[INFO ] 2021-01-28 13:52:28.604 [main] PropertyInfoPage - The Replacement cost clicked successfully
[INFO ] 2021-01-28 13:52:29.718 [main] PropertyInfoPage - The Replacement cost clicked successfully
[INFO ] 2021-01-28 13:52:29.869 [main] PropertyInfoPage - milesToFireStation selected successfully 0 to 3 miles
[INFO ] 2021-01-28 13:52:30.078 [main] PropertyInfoPage - The feetToFire clicked successfully
[INFO ] 2021-01-28 13:52:30.235 [main] PropertyInfoPage - outsideWall selected successfully Brick (Veneer)
[INFO ] 2021-01-28 13:52:31.769 [main] PropertyInfoPage - Next Button clicked successfully and proceeded
[INFO ] 2021-01-28 13:52:31.786 [main] SavingsPage - Successfully verified the pageTitle of YourInfo page Savings & More
[INFO ] 2021-01-28 13:52:31.833 [main] SavingsPage - The highestEducation selected successfully Bachelors
[INFO ] 2021-01-28 13:52:32.096 [main] SavingsPage - The employmentStatus selected successfully null
[INFO ] 2021-01-28 13:54:03.945 [main] BaseTestClass - Invoked browser successfullychrome
[INFO ] 2021-01-28 13:54:18.500 [main] PageBaseClass - Opened the application successfully
[INFO ] 2021-01-28 13:54:30.415 [main] LandingPage - Successfully verified the pageTitle of Landing page Only pay for what you need
[INFO ] 2021-01-28 13:54:31.941 [main] LandingPage - Clicked the property Button successfully
[INFO ] 2021-01-28 13:54:35.454 [main] LandingPage - Clicked the Condo Button successfully
[INFO ] 2021-01-28 13:54:36.467 [main] LandingPage - Entered zipCode successfully
[INFO ] 2021-01-28 13:54:36.931 [main] LandingPage - Clicked the getMyPrice
[INFO ] 2021-01-28 13:54:41.936 [main] YourInfoPage - Successfully verified the pageTitle of YourInfo page Address You Want To Insure
[INFO ] 2021-01-28 13:54:49.462 [main] YourInfoPage - Entered the street Address successfully 132 Kingston Plaza, Kingston, NY, 12401
[INFO ] 2021-01-28 13:54:49.750 [main] YourInfoPage - Entered the AptUnit successfully 132.0
[INFO ] 2021-01-28 13:54:49.986 [main] YourInfoPage - Entered the Currently Live here checkBox checked Succesfully
[INFO ] 2021-01-28 13:54:50.146 [main] YourInfoPage - Next Button clicked successfully and proceeded
[INFO ] 2021-01-28 13:54:50.732 [main] PersonaLInfoPage - Successfully verified the pageTitle of YourInfo page Your Info
[INFO ] 2021-01-28 13:54:53.473 [main] PersonaLInfoPage - Entered the LastName successfully John
[INFO ] 2021-01-28 13:54:53.714 [main] PersonaLInfoPage - Entered the street LastName successfully Smith
[INFO ] 2021-01-28 13:54:53.715 [main] PersonaLInfoPage - Month of Date of Birth entered successfully April
[INFO ] 2021-01-28 13:54:54.863 [main] PersonaLInfoPage - Date of Date of Birth entered successfully 12.0
[INFO ] 2021-01-28 13:54:54.958 [main] PersonaLInfoPage - Year of Date of Birth entered successfully1999.0
[INFO ] 2021-01-28 13:54:55.091 [main] PersonaLInfoPage - Phone entered successfully1.4842634683E10
[INFO ] 2021-01-28 13:54:57.267 [main] PersonaLInfoPage - The string successfully entered in Email johnsmith@gmail.com
[INFO ] 2021-01-28 13:54:58.144 [main] PersonaLInfoPage - Next Button clicked successfully and proceeded
[INFO ] 2021-01-28 13:54:58.210 [main] CurrentInsurancePage - Successfully verified the pageTitle of YourInfo page Current Insurance
[INFO ] 2021-01-28 13:54:59.022 [main] CurrentInsurancePage - Month of Date of Birth entered successfully No
[INFO ] 2021-01-28 13:54:59.239 [main] CurrentInsurancePage - policyCancellation clicked successfully
[INFO ] 2021-01-28 13:54:59.440 [main] CurrentInsurancePage - autoPolicy clicked successfully
[INFO ] 2021-01-28 13:54:59.619 [main] CurrentInsurancePage - claimLoss clicked successfully
[INFO ] 2021-01-28 13:55:01.425 [main] CurrentInsurancePage - Next Button clicked successfully and proceeded
[INFO ] 2021-01-28 13:55:01.478 [main] PropertyInfoPage - Successfully verified the pageTitle of YourInfo page Property Info
[INFO ] 2021-01-28 13:55:01.610 [main] PropertyInfoPage - yearBuilt entered successfully 2005.0
[INFO ] 2021-01-28 13:55:01.764 [main] PropertyInfoPage - units of Building selected successfully 2
[INFO ] 2021-01-28 13:55:02.611 [main] PropertyInfoPage - Home Occupany selected successfully Seasonal Home
[INFO ] 2021-01-28 13:55:02.951 [main] PropertyInfoPage - The Home sharing Indicator clicked successfully
[INFO ] 2021-01-28 13:55:04.302 [main] PropertyInfoPage - The Replacement cost clicked successfully
[INFO ] 2021-01-28 13:55:04.474 [main] PropertyInfoPage - The Replacement cost clicked successfully
[INFO ] 2021-01-28 13:55:04.633 [main] PropertyInfoPage - milesToFireStation selected successfully 0 to 3 miles
[INFO ] 2021-01-28 13:55:04.851 [main] PropertyInfoPage - The feetToFire clicked successfully
[INFO ] 2021-01-28 13:55:05.141 [main] PropertyInfoPage - outsideWall selected successfully Brick (Veneer)
[INFO ] 2021-01-28 13:55:07.035 [main] PropertyInfoPage - Next Button clicked successfully and proceeded
[INFO ] 2021-01-28 13:55:07.069 [main] SavingsPage - Successfully verified the pageTitle of YourInfo page Savings & More
[INFO ] 2021-01-28 13:55:07.193 [main] SavingsPage - The highestEducation selected successfully Bachelors
[INFO ] 2021-01-28 13:55:08.103 [main] SavingsPage - The employmentStatus selected successfully Employed
[INFO ] 2021-01-28 13:55:08.706 [main] SavingsPage - Next Button clicked successfully and proceeded
[INFO ] 2021-01-28 13:55:16.681 [main] GetCondoQuote - The quote printed successfully on console & Excel
[INFO ] 2021-01-28 14:31:59.113 [main] BaseTestClass - Invoked browser successfullychrome
[INFO ] 2021-01-28 14:32:11.427 [main] PageBaseClass - Opened the application successfully
[INFO ] 2021-01-28 14:32:33.809 [main] LandingPage - Successfully verified the pageTitle of Landing page Liberty Mutual | Customize your insurance coverage and get a quote | Liberty Mutual
[INFO ] 2021-01-28 14:32:35.027 [main] LandingPage - Clicked the property Button successfully
[INFO ] 2021-01-28 14:32:38.604 [main] LandingPage - Clicked the Renters Button successfully
[INFO ] 2021-01-28 14:32:39.531 [main] LandingPage - Entered zipCode successfully
[INFO ] 2021-01-28 14:32:40.104 [main] LandingPage - Clicked the getMyPrice
[INFO ] 2021-01-28 14:32:47.109 [main] EnterInfoPage - Successfully verified the pageTitle of Landing page Liberty Mutual
[INFO ] 2021-01-28 14:32:51.205 [main] EnterInfoPage - The string successfully entered in FirstName John
[INFO ] 2021-01-28 14:32:59.695 [main] EnterInfoPage - The string successfully entered in Lastname Smith
[INFO ] 2021-01-28 14:33:00.588 [main] EnterInfoPage - The string successfully entered in Email Johnsmith@gmail.com
[INFO ] 2021-01-28 14:33:02.403 [main] EnterInfoPage - The string successfully entered in Street 132, My Street, Kingston, New York 12401.
[INFO ] 2021-01-28 14:33:04.893 [main] EnterInfoPage - The string successfully entered in AptNo 132.0
[INFO ] 2021-01-28 14:33:05.456 [main] EnterInfoPage - The How long you've lived entered successfully
[INFO ] 2021-01-28 14:33:06.229 [main] EnterInfoPage - The Building type selected successfully Low rise (8 stories or less)
[DEBUG] 2021-01-28 14:33:08.468 [main] BaseTestClass - Successfully scrolled down
[INFO ] 2021-01-28 14:33:08.487 [main] EnterInfoPage - Month of Date of Birth entered successfully April
[INFO ] 2021-01-28 14:33:10.019 [main] EnterInfoPage - Date of Date of Birth entered successfully 12.0
[INFO ] 2021-01-28 14:33:10.181 [main] EnterInfoPage - Year of Date of Birth entered successfully1999.0
[INFO ] 2021-01-28 14:33:10.413 [main] EnterInfoPage - Phone entered successfully1.4842634683E10
[INFO ] 2021-01-28 14:33:12.120 [main] EnterInfoPage - The currently checkbox checked successfully
[INFO ] 2021-01-28 14:33:12.367 [main] EnterInfoPage - The stuff worth selected successfully $5,000
[INFO ] 2021-01-28 14:33:34.700 [main] GetQuotePage - The quote printed successfully on console & Excel
[INFO ] 2021-01-28 14:33:39.187 [main] PageBaseClass - Written the output successfully to Excel File
[INFO ] 2021-01-28 14:33:40.288 [main] GetQuotePage - The quote successfully asserted
[INFO ] 2021-01-28 14:33:42.957 [main] BaseTestClass - Invoked browser successfullychrome
[INFO ] 2021-01-28 14:33:51.777 [main] BaseTestClass - Invoked browser successfullychrome
[INFO ] 2021-01-28 14:33:59.489 [main] PageBaseClass - Opened the application successfully
[INFO ] 2021-01-28 14:34:15.026 [main] LandingPage - Successfully verified the pageTitle of Landing page PageTitle
[INFO ] 2021-01-28 14:34:16.342 [main] BaseTestClass - Invoked browser successfullychrome
[INFO ] 2021-01-28 14:34:22.544 [main] PageBaseClass - Opened the application successfully
[INFO ] 2021-01-28 14:34:36.296 [main] LandingPage - Successfully verified the pageTitle of Landing page Liberty Mutual | Customize your insurance coverage and get a quote | Liberty Mutual
[INFO ] 2021-01-28 14:34:37.200 [main] LandingPage - Clicked the property Button successfully
[INFO ] 2021-01-28 14:34:40.743 [main] LandingPage - Clicked the Renters Button successfully
[INFO ] 2021-01-28 14:34:41.074 [main] LandingPage - Entered zipCode successfully
[INFO ] 2021-01-28 14:34:44.112 [main] BaseTestClass - Invoked browser successfullychrome
[INFO ] 2021-01-28 14:34:50.664 [main] BaseTestClass - Invoked browser successfullychrome
[INFO ] 2021-01-28 14:34:58.895 [main] PageBaseClass - Opened the application successfully
[INFO ] 2021-01-28 14:35:15.057 [main] LandingPage - Successfully verified the pageTitle of Landing page PageTitle
[INFO ] 2021-01-28 14:35:16.264 [main] BaseTestClass - Invoked browser successfullychrome
[INFO ] 2021-01-28 14:35:22.022 [main] PageBaseClass - Opened the application successfully
[INFO ] 2021-01-28 14:35:37.895 [main] LandingPage - Successfully verified the pageTitle of Landing page Liberty Mutual | Customize your insurance coverage and get a quote | Liberty Mutual
[INFO ] 2021-01-28 14:35:39.141 [main] LandingPage - Clicked the property Button successfully
[INFO ] 2021-01-28 14:35:42.529 [main] LandingPage - Clicked the Renters Button successfully
[INFO ] 2021-01-28 14:35:44.498 [main] LandingPage - Entered zipCode successfully
[INFO ] 2021-01-28 14:35:47.163 [main] BaseTestClass - Invoked browser successfullychrome
[INFO ] 2021-01-28 14:35:53.013 [main] BaseTestClass - Invoked browser successfullychrome
[INFO ] 2021-01-28 14:36:00.571 [main] PageBaseClass - Opened the application successfully
[INFO ] 2021-01-28 14:36:15.681 [main] LandingPage - Successfully verified the pageTitle of Landing page Comment
[INFO ] 2021-01-28 14:36:17.066 [main] BaseTestClass - Invoked browser successfullychrome
[INFO ] 2021-01-28 14:36:22.431 [main] PageBaseClass - Opened the application successfully
[INFO ] 2021-01-28 14:36:35.203 [main] LandingPage - Successfully verified the pageTitle of Landing page Get Condo Quote
[INFO ] 2021-01-28 14:36:37.982 [main] BaseTestClass - Invoked browser successfullychrome
[INFO ] 2021-01-28 14:36:44.917 [main] PageBaseClass - Opened the application successfully
[INFO ] 2021-01-28 14:37:01.279 [main] LandingPage - Clicked the property Button successfully
[INFO ] 2021-01-28 14:37:04.637 [main] LandingPage - Clicked the Renters Button successfully
[INFO ] 2021-01-28 14:37:05.206 [main] LandingPage - Entered zipCode successfully
[INFO ] 2021-01-28 14:37:05.906 [main] LandingPage - Clicked the getMyPrice
[INFO ] 2021-01-28 14:37:12.908 [main] EnterInfoPage - Successfully verified the pageTitle of Landing page Liberty Mutual
[INFO ] 2021-01-28 14:37:16.490 [main] EnterInfoPage - The string successfully entered in FirstName John
[INFO ] 2021-01-28 14:37:21.012 [main] EnterInfoPage - The string successfully entered in Lastname Smith
[INFO ] 2021-01-28 14:37:27.613 [main] EnterInfoPage - Succesfully verified the errorMessage for Mail error Message
[INFO ] 2021-01-28 14:37:27.614 [main] EnterInfoPage - Succesfully verified the Street Adress error Message
[INFO ] 2021-01-28 14:37:28.430 [main] EnterInfoPage - Succesfully verified the How Long You've lived checkbox error Message
[INFO ] 2021-01-28 14:37:28.530 [main] EnterInfoPage - Succesfully verified the type of Building error Message
[INFO ] 2021-01-28 14:37:29.059 [main] EnterInfoPage - Succesfully verified DOB error Message
[INFO ] 2021-01-28 14:37:29.197 [main] EnterInfoPage - Succesfully verified Phone field error Message
[INFO ] 2021-01-28 14:37:29.342 [main] EnterInfoPage - Succesfully verified Currently field error Message
[INFO ] 2021-01-28 14:37:29.452 [main] EnterInfoPage - Succesfully verified Roughly field error Message
[INFO ] 2021-01-28 14:37:30.624 [main] BaseTestClass - Invoked browser successfullychrome
[INFO ] 2021-01-28 14:37:40.000 [main] BaseTestClass - Invoked browser successfullychrome
[INFO ] 2021-01-28 14:37:45.172 [main] PageBaseClass - Opened the application successfully
[INFO ] 2021-01-28 14:38:05.255 [main] LandingPage - Clicked the property Button successfully
[INFO ] 2021-01-28 14:38:08.980 [main] LandingPage - Clicked the Renters Button successfully
[INFO ] 2021-01-28 14:38:09.899 [main] LandingPage - Entered zipCode successfully
[INFO ] 2021-01-28 14:38:13.281 [main] BaseTestClass - Invoked browser successfullychrome
[INFO ] 2021-01-28 14:38:18.945 [main] PageBaseClass - Opened the application successfully
[INFO ] 2021-01-28 14:38:40.078 [main] LandingPage - Clicked the property Button successfully
[INFO ] 2021-01-28 14:38:44.087 [main] LandingPage - Clicked the Renters Button successfully
[INFO ] 2021-01-28 14:38:44.633 [main] LandingPage - Entered zipCode successfully
[INFO ] 2021-01-28 14:38:47.814 [main] BaseTestClass - Invoked browser successfullychrome
[INFO ] 2021-01-28 14:38:55.747 [main] BaseTestClass - Invoked browser successfullychrome
[INFO ] 2021-01-28 14:39:06.968 [main] PageBaseClass - Opened the application successfully
[INFO ] 2021-01-28 14:39:27.428 [main] LandingPage - Clicked the property Button successfully
[INFO ] 2021-01-28 14:39:30.678 [main] LandingPage - Clicked the Renters Button successfully
[INFO ] 2021-01-28 14:39:30.835 [main] LandingPage - Entered zipCode successfully
[INFO ] 2021-01-28 14:39:33.350 [main] BaseTestClass - Invoked browser successfullychrome
[INFO ] 2021-01-28 14:39:39.854 [main] PageBaseClass - Opened the application successfully
[INFO ] 2021-01-28 14:44:42.409 [main] BaseTestClass - Invoked browser successfullychrome
[INFO ] 2021-01-28 14:44:51.086 [main] PageBaseClass - Opened the application successfully
[INFO ] 2021-01-28 14:45:11.257 [main] LandingPage - Successfully verified the pageTitle of Landing page Liberty Mutual | Customize your insurance coverage and get a quote | Liberty Mutual
[INFO ] 2021-01-28 14:45:13.332 [main] LandingPage - Clicked the property Button successfully
[INFO ] 2021-01-28 14:45:16.875 [main] LandingPage - Clicked the Renters Button successfully
[INFO ] 2021-01-28 14:45:17.804 [main] LandingPage - Entered zipCode successfully
[INFO ] 2021-01-28 14:45:18.367 [main] LandingPage - Clicked the getMyPrice
[INFO ] 2021-01-28 14:45:25.374 [main] EnterInfoPage - Successfully verified the pageTitle of Landing page Liberty Mutual
[INFO ] 2021-01-28 14:45:27.509 [main] EnterInfoPage - The string successfully entered in FirstName John
[INFO ] 2021-01-28 14:45:33.027 [main] EnterInfoPage - The string successfully entered in Lastname Smith
[INFO ] 2021-01-28 14:45:34.589 [main] EnterInfoPage - The string successfully entered in Email Johnsmith@gmail.com
[INFO ] 2021-01-28 14:45:35.987 [main] EnterInfoPage - The string successfully entered in Street 132, My Street, Kingston, New York 12401.
[INFO ] 2021-01-28 14:45:36.619 [main] EnterInfoPage - The string successfully entered in AptNo 132.0
[INFO ] 2021-01-28 14:45:36.878 [main] EnterInfoPage - The How long you've lived entered successfully
[INFO ] 2021-01-28 14:45:37.111 [main] EnterInfoPage - The Building type selected successfully Low rise (8 stories or less)
[DEBUG] 2021-01-28 14:45:38.955 [main] BaseTestClass - Successfully scrolled down
[INFO ] 2021-01-28 14:45:38.968 [main] EnterInfoPage - Month of Date of Birth entered successfully April
[INFO ] 2021-01-28 14:45:39.196 [main] EnterInfoPage - Date of Date of Birth entered successfully 12.0
[INFO ] 2021-01-28 14:45:41.219 [main] EnterInfoPage - Year of Date of Birth entered successfully1999.0
[INFO ] 2021-01-28 14:45:41.717 [main] EnterInfoPage - Phone entered successfully1.4842634683E10
[INFO ] 2021-01-28 14:45:44.302 [main] EnterInfoPage - The currently checkbox checked successfully
[INFO ] 2021-01-28 14:45:45.346 [main] EnterInfoPage - The stuff worth selected successfully $5,000
[INFO ] 2021-01-28 14:46:01.618 [main] GetQuotePage - The quote printed successfully on console & Excel
[INFO ] 2021-01-28 14:46:08.557 [main] PageBaseClass - Written the output successfully to Excel File
[INFO ] 2021-01-28 14:46:09.903 [main] GetQuotePage - The quote successfully asserted
[INFO ] 2021-01-28 14:46:13.709 [main] BaseTestClass - Invoked browser successfullychrome
[INFO ] 2021-01-28 14:46:21.078 [main] PageBaseClass - Opened the application successfully
[INFO ] 2021-01-28 14:46:34.810 [main] LandingPage - Clicked the property Button successfully
[INFO ] 2021-01-28 14:46:38.268 [main] LandingPage - Clicked the Renters Button successfully
[INFO ] 2021-01-28 14:46:38.790 [main] LandingPage - Entered zipCode successfully
[INFO ] 2021-01-28 14:46:39.349 [main] LandingPage - Clicked the getMyPrice
[INFO ] 2021-01-28 14:46:46.352 [main] EnterInfoPage - Successfully verified the pageTitle of Landing page Liberty Mutual
[INFO ] 2021-01-28 14:46:46.555 [main] EnterInfoPage - The string successfully entered in FirstName John
[INFO ] 2021-01-28 14:46:55.409 [main] EnterInfoPage - The string successfully entered in Lastname Smith
[INFO ] 2021-01-28 14:46:57.385 [main] EnterInfoPage - Succesfully verified the errorMessage for Mail error Message
[INFO ] 2021-01-28 14:46:57.385 [main] EnterInfoPage - Succesfully verified the Street Adress error Message
[INFO ] 2021-01-28 14:46:58.110 [main] EnterInfoPage - Succesfully verified the How Long You've lived checkbox error Message
[INFO ] 2021-01-28 14:46:58.274 [main] EnterInfoPage - Succesfully verified the type of Building error Message
[INFO ] 2021-01-28 14:46:58.409 [main] EnterInfoPage - Succesfully verified DOB error Message
[INFO ] 2021-01-28 14:46:58.556 [main] EnterInfoPage - Succesfully verified Phone field error Message
[INFO ] 2021-01-28 14:46:58.703 [main] EnterInfoPage - Succesfully verified Currently field error Message
[INFO ] 2021-01-28 14:46:58.840 [main] EnterInfoPage - Succesfully verified Roughly field error Message
[INFO ] 2021-01-28 14:47:00.840 [main] BaseTestClass - Invoked browser successfullychrome
[INFO ] 2021-01-28 14:50:34.186 [main] BaseTestClass - Invoked browser successfullychrome
[INFO ] 2021-01-28 14:50:39.338 [main] PageBaseClass - Opened the application successfully
[INFO ] 2021-01-28 14:50:55.216 [main] LandingPage - Successfully verified the pageTitle of Landing page Liberty Mutual | Customize your insurance coverage and get a quote | Liberty Mutual
[INFO ] 2021-01-28 14:50:56.659 [main] LandingPage - Clicked the property Button successfully
[INFO ] 2021-01-28 14:50:59.906 [main] LandingPage - Clicked the Renters Button successfully
[INFO ] 2021-01-28 14:51:00.409 [main] LandingPage - Entered zipCode successfully
[INFO ] 2021-01-28 14:51:00.667 [main] LandingPage - Clicked the getMyPrice
[INFO ] 2021-01-28 14:51:00.673 [main] LandingPage - Successfully verified the ErrorMsg of Landing page We can't recognize this ZIP code
[INFO ] 2021-01-28 14:51:01.407 [main] LandingPage - Refreshed the page successfully
[INFO ] 2021-01-28 14:51:06.263 [main] LandingPage - Clicked the property Button successfully
[INFO ] 2021-01-28 14:51:10.528 [main] LandingPage - Clicked the Renters Button successfully
[INFO ] 2021-01-28 14:51:11.503 [main] LandingPage - Entered zipCode successfully
[INFO ] 2021-01-28 14:51:13.442 [main] LandingPage - Clicked the getMyPrice
[INFO ] 2021-01-28 14:51:20.447 [main] EnterInfoPage - Successfully verified the pageTitle of Landing page Liberty Mutual
[INFO ] 2021-01-28 14:51:24.694 [main] EnterInfoPage - The string successfully entered in FirstName 123.0
[INFO ] 2021-01-28 14:51:31.763 [main] EnterInfoPage - The string successfully entered in Lastname 456.0
[INFO ] 2021-01-28 14:51:32.603 [main] EnterInfoPage - The string successfully entered in Email 123abc
[INFO ] 2021-01-28 14:51:34.446 [main] EnterInfoPage - The string successfully entered in Street 123.0
[INFO ] 2021-01-28 14:51:35.036 [main] EnterInfoPage - The string successfully entered in AptNo abc
[INFO ] 2021-01-28 14:51:35.421 [main] EnterInfoPage - The How long you've lived entered successfully
[INFO ] 2021-01-28 14:51:36.098 [main] EnterInfoPage - The Building type selected successfully Low rise (8 stories or less)
[DEBUG] 2021-01-28 14:51:37.161 [main] BaseTestClass - Successfully scrolled down
[INFO ] 2021-01-28 14:51:37.173 [main] EnterInfoPage - Month of Date of Birth entered successfully April
[INFO ] 2021-01-28 14:51:37.459 [main] EnterInfoPage - Date of Date of Birth entered successfully 99.0
[INFO ] 2021-01-28 14:51:37.603 [main] EnterInfoPage - Year of Date of Birth entered successfully1000.0
[INFO ] 2021-01-28 14:51:38.938 [main] EnterInfoPage - Phone entered successfully148.0
[INFO ] 2021-01-28 14:51:39.626 [main] EnterInfoPage - The currently checkbox checked successfully
[INFO ] 2021-01-28 14:51:40.493 [main] EnterInfoPage - The stuff worth selected successfully $5,000
[INFO ] 2021-01-28 14:51:42.356 [main] EnterInfoPage - Successfully verified Invalid Email Error MessagePlease enter a valid email address.
[INFO ] 2021-01-28 14:51:42.393 [main] EnterInfoPage - Successfully verified Invalid Address Error MessageStreet address must contain letters and numbers, and cannot be a P.O. Box.
[INFO ] 2021-01-28 14:51:42.428 [main] EnterInfoPage - Successfully verified Invalid DOB Error MessagePlease enter a valid date of birth.
[INFO ] 2021-01-28 14:51:42.468 [main] EnterInfoPage - Successfully verified Invalid Phone Error Message Please enter a valid phone number.
[INFO ] 2021-01-28 14:54:15.093 [main] BaseTestClass - Invoked browser successfullychrome
[INFO ] 2021-01-28 14:54:23.902 [main] PageBaseClass - Opened the application successfully
[INFO ] 2021-01-28 14:54:44.127 [main] LandingPage - Successfully verified the pageTitle of Landing page Liberty Mutual | Customize your insurance coverage and get a quote | Liberty Mutual
[INFO ] 2021-01-28 14:54:44.828 [main] LandingPage - Clicked the property Button successfully
[INFO ] 2021-01-28 14:54:49.136 [main] LandingPage - Clicked the Renters Button successfully
[INFO ] 2021-01-28 14:54:51.371 [main] LandingPage - Entered zipCode successfully
[INFO ] 2021-01-28 14:54:52.535 [main] LandingPage - Clicked the getMyPrice
[INFO ] 2021-01-28 14:54:59.545 [main] EnterInfoPage - Successfully verified the pageTitle of Landing page Liberty Mutual
[INFO ] 2021-01-28 14:55:01.708 [main] EnterInfoPage - The string successfully entered in FirstName John
[INFO ] 2021-01-28 14:55:08.043 [main] EnterInfoPage - The string successfully entered in Lastname Smith
[INFO ] 2021-01-28 14:55:08.921 [main] EnterInfoPage - The string successfully entered in Email Johnsmith@gmail.com
[INFO ] 2021-01-28 14:55:11.704 [main] EnterInfoPage - The string successfully entered in Street 132, My Street, Kingston, New York 12401.
[INFO ] 2021-01-28 14:55:12.524 [main] EnterInfoPage - The string successfully entered in AptNo 132.0
[INFO ] 2021-01-28 14:55:12.940 [main] EnterInfoPage - The How long you've lived entered successfully
[INFO ] 2021-01-28 14:55:13.212 [main] EnterInfoPage - The Building type selected successfully Low rise (8 stories or less)
[DEBUG] 2021-01-28 14:55:16.434 [main] BaseTestClass - Successfully scrolled down
[INFO ] 2021-01-28 14:55:16.514 [main] EnterInfoPage - Month of Date of Birth entered successfully April
[INFO ] 2021-01-28 14:55:18.953 [main] EnterInfoPage - Date of Date of Birth entered successfully 12.0
[INFO ] 2021-01-28 14:55:19.969 [main] EnterInfoPage - Year of Date of Birth entered successfully1999.0
[INFO ] 2021-01-28 14:55:20.936 [main] EnterInfoPage - Phone entered successfully1.4842634683E10
[INFO ] 2021-01-28 14:55:22.701 [main] EnterInfoPage - The currently checkbox checked successfully
[INFO ] 2021-01-28 14:55:23.293 [main] EnterInfoPage - The stuff worth selected successfully $5,000
[INFO ] 2021-01-28 14:55:43.757 [main] GetQuotePage - The quote printed successfully on console & Excel
[INFO ] 2021-01-28 14:55:55.254 [main] PageBaseClass - Written the output successfully to Excel File
[INFO ] 2021-01-28 14:55:57.350 [main] GetQuotePage - The quote successfully asserted
[INFO ] 2021-01-28 14:56:03.375 [main] BaseTestClass - Invoked browser successfullychrome
[INFO ] 2021-01-28 14:56:12.443 [main] PageBaseClass - Opened the application successfully
[INFO ] 2021-01-28 14:56:34.369 [main] LandingPage - Clicked the property Button successfully
[INFO ] 2021-01-28 14:56:37.858 [main] LandingPage - Clicked the Renters Button successfully
[INFO ] 2021-01-28 14:56:38.873 [main] LandingPage - Entered zipCode successfully
[INFO ] 2021-01-28 14:56:39.405 [main] LandingPage - Clicked the getMyPrice
[INFO ] 2021-01-28 14:56:46.411 [main] EnterInfoPage - Successfully verified the pageTitle of Landing page Liberty Mutual
[INFO ] 2021-01-28 14:56:48.664 [main] EnterInfoPage - The string successfully entered in FirstName John
[INFO ] 2021-01-28 14:56:59.085 [main] EnterInfoPage - The string successfully entered in Lastname Smith
[INFO ] 2021-01-28 14:57:01.282 [main] EnterInfoPage - Succesfully verified the errorMessage for Mail error Message
[INFO ] 2021-01-28 14:57:01.283 [main] EnterInfoPage - Succesfully verified the Street Adress error Message
[INFO ] 2021-01-28 14:57:01.396 [main] EnterInfoPage - Succesfully verified the How Long You've lived checkbox error Message
[INFO ] 2021-01-28 14:57:02.090 [main] EnterInfoPage - Succesfully verified the type of Building error Message
[INFO ] 2021-01-28 14:57:02.420 [main] EnterInfoPage - Succesfully verified DOB error Message
[INFO ] 2021-01-28 14:57:02.570 [main] EnterInfoPage - Succesfully verified Phone field error Message
[INFO ] 2021-01-28 14:57:02.670 [main] EnterInfoPage - Succesfully verified Currently field error Message
[INFO ] 2021-01-28 14:57:02.767 [main] EnterInfoPage - Succesfully verified Roughly field error Message
[INFO ] 2021-01-28 14:57:03.956 [main] BaseTestClass - Invoked browser successfullychrome
[INFO ] 2021-01-28 14:57:12.567 [main] PageBaseClass - Opened the application successfully
[INFO ] 2021-01-28 14:57:33.920 [main] LandingPage - Successfully verified the pageTitle of Landing page Liberty Mutual | Customize your insurance coverage and get a quote | Liberty Mutual
[INFO ] 2021-01-28 14:57:35.042 [main] LandingPage - Clicked the property Button successfully
[INFO ] 2021-01-28 14:57:38.527 [main] LandingPage - Clicked the Renters Button successfully
[INFO ] 2021-01-28 14:57:39.283 [main] LandingPage - Entered zipCode successfully
[INFO ] 2021-01-28 14:57:39.936 [main] LandingPage - Clicked the getMyPrice
[INFO ] 2021-01-28 14:57:39.938 [main] LandingPage - Successfully verified the ErrorMsg of Landing page We can't recognize this ZIP code
[INFO ] 2021-01-28 14:57:41.061 [main] LandingPage - Refreshed the page successfully
[INFO ] 2021-01-28 14:57:43.337 [main] LandingPage - Clicked the property Button successfully
[INFO ] 2021-01-28 14:57:47.660 [main] LandingPage - Clicked the Renters Button successfully
[INFO ] 2021-01-28 14:57:48.805 [main] LandingPage - Entered zipCode successfully
[INFO ] 2021-01-28 14:57:49.738 [main] LandingPage - Clicked the getMyPrice
[INFO ] 2021-01-28 14:57:56.740 [main] EnterInfoPage - Successfully verified the pageTitle of Landing page Liberty Mutual
[INFO ] 2021-01-28 14:57:59.771 [main] EnterInfoPage - The string successfully entered in FirstName 123.0
[INFO ] 2021-01-28 14:58:10.974 [main] EnterInfoPage - The string successfully entered in Lastname 456.0
[INFO ] 2021-01-28 14:58:11.793 [main] EnterInfoPage - The string successfully entered in Email 123abc
[INFO ] 2021-01-28 14:58:11.961 [main] EnterInfoPage - The string successfully entered in Street 123.0
[INFO ] 2021-01-28 14:58:12.145 [main] EnterInfoPage - The string successfully entered in AptNo abc
[INFO ] 2021-01-28 14:58:12.623 [main] EnterInfoPage - The How long you've lived entered successfully
[INFO ] 2021-01-28 14:58:13.686 [main] EnterInfoPage - The Building type selected successfully Low rise (8 stories or less)
[DEBUG] 2021-01-28 14:58:14.498 [main] BaseTestClass - Successfully scrolled down
[INFO ] 2021-01-28 14:58:14.515 [main] EnterInfoPage - Month of Date of Birth entered successfully April
[INFO ] 2021-01-28 14:58:14.865 [main] EnterInfoPage - Date of Date of Birth entered successfully 99.0
[INFO ] 2021-01-28 14:58:15.069 [main] EnterInfoPage - Year of Date of Birth entered successfully1000.0
[INFO ] 2021-01-28 14:58:16.028 [main] EnterInfoPage - Phone entered successfully148.0
[INFO ] 2021-01-28 14:58:16.210 [main] EnterInfoPage - The currently checkbox checked successfully
[INFO ] 2021-01-28 14:58:16.411 [main] EnterInfoPage - The stuff worth selected successfully $5,000
[INFO ] 2021-01-28 14:58:17.679 [main] EnterInfoPage - Successfully verified Invalid Email Error MessagePlease enter a valid email address.
[INFO ] 2021-01-28 14:58:18.011 [main] EnterInfoPage - Successfully verified Invalid Address Error MessageStreet address must contain letters and numbers, and cannot be a P.O. Box.
[INFO ] 2021-01-28 14:58:18.135 [main] EnterInfoPage - Successfully verified Invalid DOB Error MessagePlease enter a valid date of birth.
[INFO ] 2021-01-28 14:58:18.267 [main] EnterInfoPage - Successfully verified Invalid Phone Error Message Please enter a valid phone number.
[INFO ] 2021-01-28 14:58:26.002 [main] BaseTestClass - Invoked browser successfullychrome
[INFO ] 2021-01-28 14:58:42.768 [main] PageBaseClass - Opened the application successfully
[INFO ] 2021-01-28 14:58:53.941 [main] LandingPage - Successfully verified the pageTitle of Landing page Only pay for what you need
[INFO ] 2021-01-28 14:59:27.085 [main] LandingPage - Clicked the property Button successfully
[INFO ] 2021-01-28 14:59:30.935 [main] LandingPage - Clicked the Condo Button successfully
[INFO ] 2021-01-28 14:59:31.857 [main] LandingPage - Entered zipCode successfully
[INFO ] 2021-01-28 14:59:32.877 [main] LandingPage - Clicked the getMyPrice
[INFO ] 2021-01-28 14:59:37.961 [main] YourInfoPage - Successfully verified the pageTitle of YourInfo page Address You Want To Insure
[INFO ] 2021-01-28 14:59:51.935 [main] YourInfoPage - Entered the street Address successfully 132 Kingston Plaza, Kingston, NY, 12401
[INFO ] 2021-01-28 14:59:52.598 [main] YourInfoPage - Entered the AptUnit successfully 132.0
[INFO ] 2021-01-28 14:59:53.546 [main] YourInfoPage - Entered the Currently Live here checkBox checked Succesfully
[INFO ] 2021-01-28 14:59:54.788 [main] YourInfoPage - Next Button clicked successfully and proceeded
[INFO ] 2021-01-28 14:59:54.896 [main] PersonaLInfoPage - Successfully verified the pageTitle of YourInfo page Your Info
[INFO ] 2021-01-28 15:00:00.468 [main] PersonaLInfoPage - Entered the LastName successfully John
[INFO ] 2021-01-28 15:00:02.130 [main] PersonaLInfoPage - Entered the street LastName successfully Smith
[INFO ] 2021-01-28 15:00:02.131 [main] PersonaLInfoPage - Month of Date of Birth entered successfully April
[INFO ] 2021-01-28 15:00:04.801 [main] PersonaLInfoPage - Date of Date of Birth entered successfully 12.0
[INFO ] 2021-01-28 15:00:05.898 [main] PersonaLInfoPage - Year of Date of Birth entered successfully1999.0
[INFO ] 2021-01-28 15:00:06.677 [main] PersonaLInfoPage - Phone entered successfully1.4842634683E10
[INFO ] 2021-01-28 15:00:07.741 [main] PersonaLInfoPage - The string successfully entered in Email johnsmith@gmail.com
[INFO ] 2021-01-28 15:00:09.101 [main] PersonaLInfoPage - Next Button clicked successfully and proceeded
[INFO ] 2021-01-28 15:00:09.343 [main] CurrentInsurancePage - Successfully verified the pageTitle of YourInfo page Current Insurance
[INFO ] 2021-01-28 15:00:09.379 [main] CurrentInsurancePage - Month of Date of Birth entered successfully No
[INFO ] 2021-01-28 15:00:09.881 [main] CurrentInsurancePage - policyCancellation clicked successfully
[INFO ] 2021-01-28 15:00:10.274 [main] CurrentInsurancePage - autoPolicy clicked successfully
[INFO ] 2021-01-28 15:00:10.913 [main] CurrentInsurancePage - claimLoss clicked successfully
[INFO ] 2021-01-28 15:00:11.486 [main] CurrentInsurancePage - Next Button clicked successfully and proceeded
[INFO ] 2021-01-28 15:00:11.645 [main] PropertyInfoPage - Successfully verified the pageTitle of YourInfo page Property Info
[INFO ] 2021-01-28 15:00:13.314 [main] PropertyInfoPage - yearBuilt entered successfully 2005.0
[INFO ] 2021-01-28 15:00:13.909 [main] PropertyInfoPage - units of Building selected successfully 2
[INFO ] 2021-01-28 15:00:14.931 [main] PropertyInfoPage - Home Occupany selected successfully Seasonal Home
[INFO ] 2021-01-28 15:00:16.336 [main] PropertyInfoPage - The Home sharing Indicator clicked successfully
[INFO ] 2021-01-28 15:00:16.871 [main] PropertyInfoPage - The Replacement cost clicked successfully
[INFO ] 2021-01-28 15:00:17.928 [main] PropertyInfoPage - The Replacement cost clicked successfully
[INFO ] 2021-01-28 15:00:18.428 [main] PropertyInfoPage - milesToFireStation selected successfully 0 to 3 miles
[INFO ] 2021-01-28 15:00:19.682 [main] PropertyInfoPage - The feetToFire clicked successfully
[INFO ] 2021-01-28 15:00:20.513 [main] PropertyInfoPage - outsideWall selected successfully Brick (Veneer)
[INFO ] 2021-01-28 15:00:23.521 [main] PropertyInfoPage - Next Button clicked successfully and proceeded
[INFO ] 2021-01-28 15:00:23.576 [main] SavingsPage - Successfully verified the pageTitle of YourInfo page Savings & More
[INFO ] 2021-01-28 15:00:24.033 [main] SavingsPage - The highestEducation selected successfully Bachelors
[INFO ] 2021-01-28 15:00:24.699 [main] SavingsPage - The employmentStatus selected successfully Employed
[INFO ] 2021-01-28 15:00:25.230 [main] SavingsPage - Next Button clicked successfully and proceeded
[INFO ] 2021-01-28 15:00:37.143 [main] GetCondoQuote - The quote printed successfully on console & Excel
[INFO ] 2021-01-28 15:00:37.214 [main] GetCondoQuote - The quote successfully asserted
